env: load .env
env: export EXPO_PUBLIC_SUPABASE_URL EXPO_PUBLIC_SUPABASE_ANON_KEY EXPO_PUBLIC_REVENUECAT_APPLE_KEY EXPO_PUBLIC_REVENUECAT_GOOGLE_KEY
Starting project at /Users/samuelpullen/MoveTogether
Using src/app as the root directory for Expo Router.
Starting Metro Bundler
Waiting on http://localhost:8081
Logs for your project will appear below.
iOS ./index.ts ▓▓▓▓▓▓▓▓▓▓░░░░░░ 66.2% (1140/2899)
iOS Bundled 1089ms index.ts (3302 modules)
 LOG  Onboarding store hydrated: {"hasCompletedOnboarding": true}
 LOG  [AppleHealth] Not initialized, attempting to connect...
 LOG  [AppleHealth] connect() called
 LOG  [AppleHealth] Initializing HealthKit with permissions...
 LOG  [AppleHealth] connect() called
 LOG  [AppleHealth] Initializing HealthKit with permissions...
 LOG  [AppleHealth] initHealthKit callback: {"err": null, "result": 1}
 LOG  [AppleHealth] Successfully connected
 LOG  [AppleHealth] Fetching metrics...
 LOG  [AppleHealth] initHealthKit callback: {"err": null, "result": 1}
 LOG  [AppleHealth] Successfully connected
 LOG  Sign-in useEffect - isAuthenticated: false needsOnboarding: false user: undefined
 LOG  [AppleHealth] getAppleExerciseTime: {"err": null, "results": []}
 LOG  [AppleHealth] getStepCount: {"err": null, "results": {"endDate": "2026-01-11T08:36:01.600-0500", "startDate": "2026-01-11T00:34:00.000-0500", "value": 90}}
 LOG  [AppleHealth] getDistanceWalkingRunning: {"err": null, "results": {"endDate": "2026-01-11T07:51:12.444-0500", "startDate": "2026-01-11T01:42:54.823-0500", "value": 40.72999999998137}}
 LOG  [AppleHealth] getFlightsClimbed: {"err": null, "results": {"endDate": "2026-01-11T08:38:02.913-0500", "startDate": "2026-01-11T08:38:02.913-0500", "value": 0}}
 LOG  [AppleHealth] getAppleStandTime: {"err": null, "results": []}
 LOG  [AppleHealth] getRestingHeartRate: {"err": null, "results": [{"endDate": "2026-01-11T01:32:11.451-0500", "id": "9AE885EF-0097-4462-BA6B-D676CCB89666", "sourceId": "com.apple.health.00DD4F1B-6E1A-4F74-9EE0-2BBFADA3F895", "sourceName": "Samuel’s Apple Watch", "startDate": "2026-01-11T00:05:19.580-0500", "value": 76}, {"endDate": "2026-01-10T20:47:14.712-0500", "id": "11A07490-BCA9-4492-A114-5CA786E7F21D", "sourceId": "com.apple.health.00DD4F1B-6E1A-4F74-9EE0-2BBFADA3F895", "sourceName": "Samuel’s Apple Watch", "startDate": "2026-01-10T00:04:30.235-0500", "value": 84}, {"endDate": "2026-01-09T23:59:56.235-0500", "id": "274E6D73-56D4-4E5F-9800-7282367AEB24", "sourceId": "com.apple.health.00DD4F1B-6E1A-4F74-9EE0-2BBFADA3F895", "sourceName": "Samuel’s Apple Watch", "startDate": "2026-01-09T05:10:43.076-0500", "value": 82}, {"endDate": "2026-01-08T16:18:27.081-0500", "id": "EFEB8FE0-5D6B-4DAB-8170-AF9EE4765C50", "sourceId": "com.apple.health.00DD4F1B-6E1A-4F74-9EE0-2BBFADA3F895", "sourceName": "Samuel’s Apple Watch", "startDate": "2026-01-08T07:40:10.714-0500", "value": 75}, {"endDate": "2026-01-07T11:30:56.417-0500", "id": "99605226-D583-4203-83DF-2F4848216CBE", "sourceId": "com.apple.health.00DD4F1B-6E1A-4F74-9EE0-2BBFADA3F895", "sourceName": "Samuel’s Apple Watch", "startDate": "2026-01-07T05:13:21.285-0500", "value": 80}, {"endDate": "2026-01-06T15:43:12.383-0500", "id": "4C71EE50-8A9D-40C7-9802-A9F807CFBE01", "sourceId": "com.apple.health.00DD4F1B-6E1A-4F74-9EE0-2BBFADA3F895", "sourceName": "Samuel’s Apple Watch", "startDate": "2026-01-06T07:45:41.142-0500", "value": 75}, {"endDate": "2026-01-05T20:11:22.079-0500", "id": "38D14DAF-03B2-47E4-A035-7319575CC714", "sourceId": "com.apple.health.00DD4F1B-6E1A-4F74-9EE0-2BBFADA3F895", "sourceName": "Samuel’s Apple Watch", "startDate": "2026-01-05T04:55:48.533-0500", "value": 76}]}
 LOG  [AppleHealth] getHeartRateSamples: {"err": null, "resultsCount": 100}
 LOG  [AppleHealth] getSamples (Workout): {"endDate": "2026-01-11T13:38:02.860Z", "err": null, "resultsCount": 41, "startDate": "2025-11-12T13:38:02.860Z"}
 LOG  [AppleHealth] First workout sample keys: ["id", "start", "calories", "metadata", "tracked", "activityId", "sourceName", "sourceId", "activityName", "end", "distance", "device"]
 LOG  [AppleHealth] First workout sample full: {
  "id": "CF415C44-F920-4C87-BF74-E56FC8C8F9DC",
  "start": "2026-01-10T13:11:00.000-0500",
  "calories": 47.42160415649414,
  "metadata": {
    "HKMetadataKeySyncVersion": 1768098530,
    "HKExternalUUID": "oura-workout-46e3f634-8a6d-4759-8410-2d49b8cd1dac",
    "HKMetadataKeySyncIdentifier": "oura-workout-46e3f634-8a6d-4759-8410-2d49b8cd1dac"
  },
  "tracked": true,
  "activityId": 52,
  "sourceName": "Oura",
  "sourceId": "com.ouraring.oura",
  "activityName": "Walking",
  "end": "2026-01-10T13:24:00.000-0500",
  "distance": 0.20595095808545408,
  "device": "iPhone18,1"
}
 LOG  [AppleHealth] Mapped workouts: [{"calories": 47, "duration": 13, "startTime": "2026-01-10T18:11:00.000Z", "type": "walking"}, {"calories": 328, "duration": 43, "startTime": "2026-01-09T10:21:58.532Z", "type": "strength"}, {"calories": 364, "duration": 49, "startTime": "2026-01-07T10:22:37.936Z", "type": "other"}, {"calories": 390, "duration": 48, "startTime": "2026-01-05T10:10:31.243Z", "type": "other"}, {"calories": 176, "duration": 46, "startTime": "2025-12-25T19:48:09.331Z", "type": "walking"}, {"calories": 405, "duration": 70, "startTime": "2025-12-24T19:01:20.659Z", "type": "other"}, {"calories": 514, "duration": 81, "startTime": "2025-12-22T13:31:00.000Z", "type": "other"}, {"calories": 70, "duration": 13, "startTime": "2025-12-21T16:10:00.000Z", "type": "other"}, {"calories": 113, "duration": 18, "startTime": "2025-12-20T16:47:00.000Z", "type": "other"}, {"calories": 594, "duration": 60, "startTime": "2025-12-19T18:58:32.100Z", "type": "other"}, {"calories": 344, "duration": 52, "startTime": "2025-12-18T10:11:25.809Z", "type": "other"}, {"calories": 88, "duration": 15, "startTime": "2025-12-17T12:41:00.000Z", "type": "other"}, {"calories": 452, "duration": 51, "startTime": "2025-12-15T21:06:28.957Z", "type": "other"}, {"calories": 77, "duration": 14, "startTime": "2025-12-15T12:27:00.000Z", "type": "other"}, {"calories": 319, "duration": 40, "startTime": "2025-12-12T10:46:00.752Z", "type": "strength"}, {"calories": 344, "duration": 56, "startTime": "2025-12-10T10:15:37.298Z", "type": "other"}, {"calories": 373, "duration": 50, "startTime": "2025-12-08T10:09:57.627Z", "type": "other"}, {"calories": 108, "duration": 21, "startTime": "2025-12-06T20:48:00.000Z", "type": "other"}, {"calories": 494, "duration": 53, "startTime": "2025-12-05T23:53:45.983Z", "type": "other"}, {"calories": 57, "duration": 10, "startTime": "2025-12-03T12:26:00.000Z", "type": "other"}, {"calories": 490, "duration": 63, "startTime": "2025-12-03T10:24:21.984Z", "type": "other"}, {"calories": 593, "duration": 58, "startTime": "2025-12-02T10:53:00.006Z", "type": "other"}, {"calories": 153, "duration": 27, "startTime": "2025-11-29T17:22:00.000Z", "type": "other"}, {"calories": 67, "duration": 12, "startTime": "2025-11-27T14:36:00.000Z", "type": "other"}, {"calories": 239, "duration": 40, "startTime": "2025-11-26T17:39:00.000Z", "type": "other"}, {"calories": 273, "duration": 40, "startTime": "2025-11-26T16:31:00.000Z", "type": "other"}, {"calories": 69, "duration": 12, "startTime": "2025-11-26T13:27:00.000Z", "type": "other"}, {"calories": 55, "duration": 10, "startTime": "2025-11-24T23:28:00.000Z", "type": "other"}, {"calories": 108, "duration": 21, "startTime": "2025-11-24T12:11:00.000Z", "type": "other"}, {"calories": 95, "duration": 18, "startTime": "2025-11-23T16:51:00.000Z", "type": "other"}, {"calories": 75, "duration": 14, "startTime": "2025-11-22T18:24:00.000Z", "type": "other"}, {"calories": 0, "duration": 12, "startTime": "2025-11-22T01:17:38.022Z", "type": "strength"}, {"calories": 73, "duration": 12, "startTime": "2025-11-20T11:14:00.000Z", "type": "other"}, {"calories": 330, "duration": 40, "startTime": "2025-11-20T10:16:34.123Z", "type": "strength"}, {"calories": 113, "duration": 11, "startTime": "2025-11-20T10:05:18.579Z", "type": "walking"}, {"calories": 148, "duration": 28, "startTime": "2025-11-19T11:51:00.000Z", "type": "other"}, {"calories": 84, "duration": 14, "startTime": "2025-11-17T12:26:00.000Z", "type": "other"}, {"calories": 0, "duration": 58, "startTime": "2025-11-16T21:45:13.160Z", "type": "strength"}, {"calories": 64, "duration": 13, "startTime": "2025-11-16T19:56:00.000Z", "type": "other"}, {"calories": 146, "duration": 28, "startTime": "2025-11-16T19:12:00.000Z", "type": "other"}, {"calories": 0, "duration": 46, "startTime": "2025-11-14T10:12:07.496Z", "type": "strength"}]
 LOG  [AppleHealth] getActivitySummary: {"err": null, "results": [{"activeEnergyBurned": 30, "activeEnergyBurnedGoal": 460, "appleExerciseTime": 0, "appleExerciseTimeGoal": 30, "appleStandHours": 0, "appleStandHoursGoal": 8}]}
 LOG  Initialize: Loaded profile from Supabase: {"avatarUrl": "https://ioenjypolqghvpkfddnd.supabase.co/storage/v1/object/public/avatars/a53cf6e3-ee92-4988-8544-61c758e1d51b/avatar.jpg", "firstName": "Samuel", "fullName": "Samuel Pullen", "lastName": "Pullen", "phoneNumber": "+14197440931", "rawProfile": {"avatar_url": "https://ioenjypolqghvpkfddnd.supabase.co/storage/v1/object/public/avatars/a53cf6e3-ee92-4988-8544-61c758e1d51b/avatar.jpg", "full_name": "Samuel Pullen", "phone_number": "+14197440931", "username": "samster"}, "username": "samster"}
 LOG  [AppleHealth] Fetching metrics...
 LOG  Sign-in useEffect - isAuthenticated: true needsOnboarding: false user: samster
 LOG  User has completed onboarding (legacy or explicit), going to tabs
 LOG  Sign-in useEffect - isAuthenticated: true needsOnboarding: false user: samster
 LOG  [AppleHealth] Fetching metrics...
 LOG  [AppleHealth] getAppleExerciseTime: {"err": null, "results": []}
 LOG  [AppleHealth] getAppleStandTime: {"err": null, "results": []}
 LOG  [AppleHealth] getStepCount: {"err": null, "results": {"endDate": "2026-01-11T08:36:01.600-0500", "startDate": "2026-01-11T00:34:00.000-0500", "value": 90}}
 LOG  [AppleHealth] getDistanceWalkingRunning: {"err": null, "results": {"endDate": "2026-01-11T07:51:12.444-0500", "startDate": "2026-01-11T01:42:54.823-0500", "value": 40.72999999998137}}
 LOG  [AppleHealth] getFlightsClimbed: {"err": null, "results": {"endDate": "2026-01-11T08:38:03.133-0500", "startDate": "2026-01-11T08:38:03.133-0500", "value": 0}}
 LOG  [AppleHealth] getRestingHeartRate: {"err": null, "results": [{"endDate": "2026-01-11T01:32:11.451-0500", "id": "9AE885EF-0097-4462-BA6B-D676CCB89666", "sourceId": "com.apple.health.00DD4F1B-6E1A-4F74-9EE0-2BBFADA3F895", "sourceName": "Samuel’s Apple Watch", "startDate": "2026-01-11T00:05:19.580-0500", "value": 76}, {"endDate": "2026-01-10T20:47:14.712-0500", "id": "11A07490-BCA9-4492-A114-5CA786E7F21D", "sourceId": "com.apple.health.00DD4F1B-6E1A-4F74-9EE0-2BBFADA3F895", "sourceName": "Samuel’s Apple Watch", "startDate": "2026-01-10T00:04:30.235-0500", "value": 84}, {"endDate": "2026-01-09T23:59:56.235-0500", "id": "274E6D73-56D4-4E5F-9800-7282367AEB24", "sourceId": "com.apple.health.00DD4F1B-6E1A-4F74-9EE0-2BBFADA3F895", "sourceName": "Samuel’s Apple Watch", "startDate": "2026-01-09T05:10:43.076-0500", "value": 82}, {"endDate": "2026-01-08T16:18:27.081-0500", "id": "EFEB8FE0-5D6B-4DAB-8170-AF9EE4765C50", "sourceId": "com.apple.health.00DD4F1B-6E1A-4F74-9EE0-2BBFADA3F895", "sourceName": "Samuel’s Apple Watch", "startDate": "2026-01-08T07:40:10.714-0500", "value": 75}, {"endDate": "2026-01-07T11:30:56.417-0500", "id": "99605226-D583-4203-83DF-2F4848216CBE", "sourceId": "com.apple.health.00DD4F1B-6E1A-4F74-9EE0-2BBFADA3F895", "sourceName": "Samuel’s Apple Watch", "startDate": "2026-01-07T05:13:21.285-0500", "value": 80}, {"endDate": "2026-01-06T15:43:12.383-0500", "id": "4C71EE50-8A9D-40C7-9802-A9F807CFBE01", "sourceId": "com.apple.health.00DD4F1B-6E1A-4F74-9EE0-2BBFADA3F895", "sourceName": "Samuel’s Apple Watch", "startDate": "2026-01-06T07:45:41.142-0500", "value": 75}, {"endDate": "2026-01-05T20:11:22.079-0500", "id": "38D14DAF-03B2-47E4-A035-7319575CC714", "sourceId": "com.apple.health.00DD4F1B-6E1A-4F74-9EE0-2BBFADA3F895", "sourceName": "Samuel’s Apple Watch", "startDate": "2026-01-05T04:55:48.533-0500", "value": 76}]}
 LOG  [AppleHealth] getHeartRateSamples: {"err": null, "resultsCount": 100}
 LOG  [AppleHealth] getActivitySummary: {"err": null, "results": [{"activeEnergyBurned": 30, "activeEnergyBurnedGoal": 460, "appleExerciseTime": 0, "appleExerciseTimeGoal": 30, "appleStandHours": 0, "appleStandHoursGoal": 8}]}
 LOG  [AppleHealth] getSamples (Workout): {"endDate": "2026-01-11T13:38:03.132Z", "err": null, "resultsCount": 41, "startDate": "2025-11-12T13:38:03.132Z"}
 LOG  [AppleHealth] First workout sample keys: ["id", "start", "calories", "metadata", "tracked", "activityId", "sourceName", "sourceId", "activityName", "end", "distance", "device"]
 LOG  [AppleHealth] First workout sample full: {
  "id": "CF415C44-F920-4C87-BF74-E56FC8C8F9DC",
  "start": "2026-01-10T13:11:00.000-0500",
  "calories": 47.42160415649414,
  "metadata": {
    "HKMetadataKeySyncVersion": 1768098530,
    "HKExternalUUID": "oura-workout-46e3f634-8a6d-4759-8410-2d49b8cd1dac",
    "HKMetadataKeySyncIdentifier": "oura-workout-46e3f634-8a6d-4759-8410-2d49b8cd1dac"
  },
  "tracked": true,
  "activityId": 52,
  "sourceName": "Oura",
  "sourceId": "com.ouraring.oura",
  "activityName": "Walking",
  "end": "2026-01-10T13:24:00.000-0500",
  "distance": 0.20595095808545408,
  "device": "iPhone18,1"
}
 LOG  [AppleHealth] Mapped workouts: [{"calories": 47, "duration": 13, "startTime": "2026-01-10T18:11:00.000Z", "type": "walking"}, {"calories": 328, "duration": 43, "startTime": "2026-01-09T10:21:58.532Z", "type": "strength"}, {"calories": 364, "duration": 49, "startTime": "2026-01-07T10:22:37.936Z", "type": "other"}, {"calories": 390, "duration": 48, "startTime": "2026-01-05T10:10:31.243Z", "type": "other"}, {"calories": 176, "duration": 46, "startTime": "2025-12-25T19:48:09.331Z", "type": "walking"}, {"calories": 405, "duration": 70, "startTime": "2025-12-24T19:01:20.659Z", "type": "other"}, {"calories": 514, "duration": 81, "startTime": "2025-12-22T13:31:00.000Z", "type": "other"}, {"calories": 70, "duration": 13, "startTime": "2025-12-21T16:10:00.000Z", "type": "other"}, {"calories": 113, "duration": 18, "startTime": "2025-12-20T16:47:00.000Z", "type": "other"}, {"calories": 594, "duration": 60, "startTime": "2025-12-19T18:58:32.100Z", "type": "other"}, {"calories": 344, "duration": 52, "startTime": "2025-12-18T10:11:25.809Z", "type": "other"}, {"calories": 88, "duration": 15, "startTime": "2025-12-17T12:41:00.000Z", "type": "other"}, {"calories": 452, "duration": 51, "startTime": "2025-12-15T21:06:28.957Z", "type": "other"}, {"calories": 77, "duration": 14, "startTime": "2025-12-15T12:27:00.000Z", "type": "other"}, {"calories": 319, "duration": 40, "startTime": "2025-12-12T10:46:00.752Z", "type": "strength"}, {"calories": 344, "duration": 56, "startTime": "2025-12-10T10:15:37.298Z", "type": "other"}, {"calories": 373, "duration": 50, "startTime": "2025-12-08T10:09:57.627Z", "type": "other"}, {"calories": 108, "duration": 21, "startTime": "2025-12-06T20:48:00.000Z", "type": "other"}, {"calories": 494, "duration": 53, "startTime": "2025-12-05T23:53:45.983Z", "type": "other"}, {"calories": 57, "duration": 10, "startTime": "2025-12-03T12:26:00.000Z", "type": "other"}, {"calories": 490, "duration": 63, "startTime": "2025-12-03T10:24:21.984Z", "type": "other"}, {"calories": 593, "duration": 58, "startTime": "2025-12-02T10:53:00.006Z", "type": "other"}, {"calories": 153, "duration": 27, "startTime": "2025-11-29T17:22:00.000Z", "type": "other"}, {"calories": 67, "duration": 12, "startTime": "2025-11-27T14:36:00.000Z", "type": "other"}, {"calories": 239, "duration": 40, "startTime": "2025-11-26T17:39:00.000Z", "type": "other"}, {"calories": 273, "duration": 40, "startTime": "2025-11-26T16:31:00.000Z", "type": "other"}, {"calories": 69, "duration": 12, "startTime": "2025-11-26T13:27:00.000Z", "type": "other"}, {"calories": 55, "duration": 10, "startTime": "2025-11-24T23:28:00.000Z", "type": "other"}, {"calories": 108, "duration": 21, "startTime": "2025-11-24T12:11:00.000Z", "type": "other"}, {"calories": 95, "duration": 18, "startTime": "2025-11-23T16:51:00.000Z", "type": "other"}, {"calories": 75, "duration": 14, "startTime": "2025-11-22T18:24:00.000Z", "type": "other"}, {"calories": 0, "duration": 12, "startTime": "2025-11-22T01:17:38.022Z", "type": "strength"}, {"calories": 73, "duration": 12, "startTime": "2025-11-20T11:14:00.000Z", "type": "other"}, {"calories": 330, "duration": 40, "startTime": "2025-11-20T10:16:34.123Z", "type": "strength"}, {"calories": 113, "duration": 11, "startTime": "2025-11-20T10:05:18.579Z", "type": "walking"}, {"calories": 148, "duration": 28, "startTime": "2025-11-19T11:51:00.000Z", "type": "other"}, {"calories": 84, "duration": 14, "startTime": "2025-11-17T12:26:00.000Z", "type": "other"}, {"calories": 0, "duration": 58, "startTime": "2025-11-16T21:45:13.160Z", "type": "strength"}, {"calories": 64, "duration": 13, "startTime": "2025-11-16T19:56:00.000Z", "type": "other"}, {"calories": 146, "duration": 28, "startTime": "2025-11-16T19:12:00.000Z", "type": "other"}, {"calories": 0, "duration": 46, "startTime": "2025-11-14T10:12:07.496Z", "type": "strength"}]
 LOG  Auth state changed: INITIAL_SESSION
 LOG  Session exists: true
 LOG  Session user: samuel_pullen12@icloud.com
 LOG  Auth listener: Processing user...
 LOG  Auth listener: Setting authenticated state immediately
 LOG  Auth listener: Fetching profile from Supabase...
 LOG  Auth listener: Profile result: {"avatar_url": "https://ioenjypolqghvpkfddnd.supabase.co/storage/v1/object/public/avatars/a53cf6e3-ee92-4988-8544-61c758e1d51b/avatar.jpg", "full_name": "Samuel Pullen", "phone_number": "+14197440931", "username": "samster"}
 LOG  Auth listener: Profile error: null
 LOG  Auth listener: Updating with fresh profile data from Supabase: {"avatarUrl": "https://ioenjypolqghvpkfddnd.supabase.co/storage/v1/object/public/avatars/a53cf6e3-ee92-4988-8544-61c758e1d51b/avatar.jpg", "firstName": "Samuel", "fullName": "Samuel Pullen", "lastName": "Pullen", "needsOnboarding": false, "phoneNumber": "+14197440931", "rawProfile": {"avatar_url": "https://ioenjypolqghvpkfddnd.supabase.co/storage/v1/object/public/avatars/a53cf6e3-ee92-4988-8544-61c758e1d51b/avatar.jpg", "full_name": "Samuel Pullen", "phone_number": "+14197440931", "username": "samster"}, "username": "samster"}
 LOG  Auth listener: Complete
 LOG  Auth listener: Complete
 LOG  [AppleHealth] getActiveEnergyBurned: {"err": null, "results": [{"endDate": "2026-01-11T09:00:00.000-0500", "metadata": [Array], "startDate": "2026-01-11T08:00:00.000-0500", "value": 4.449999999999999}, {"endDate": "2026-01-11T08:00:00.000-0500", "metadata": [Array], "startDate": "2026-01-11T07:00:00.000-0500", "value": 1.879}, {"endDate": "2026-01-11T03:00:00.000-0500", "metadata": [Array], "startDate": "2026-01-11T02:00:00.000-0500", "value": 5.34}, {"endDate": "2026-01-11T02:00:00.000-0500", "metadata": [Array], "startDate": "2026-01-11T01:00:00.000-0500", "value": 16.292401122514164}, {"endDate": "2026-01-11T01:00:00.000-0500", "metadata": [Array], "startDate": "2026-01-11T00:00:00.000-0500", "value": 13.794423478720297}]}
 LOG  [AppleHealth] getActiveEnergyBurned: {"err": null, "results": [{"endDate": "2026-01-11T09:00:00.000-0500", "metadata": [Array], "startDate": "2026-01-11T08:00:00.000-0500", "value": 4.449999999999999}, {"endDate": "2026-01-11T08:00:00.000-0500", "metadata": [Array], "startDate": "2026-01-11T07:00:00.000-0500", "value": 1.879}, {"endDate": "2026-01-11T03:00:00.000-0500", "metadata": [Array], "startDate": "2026-01-11T02:00:00.000-0500", "value": 5.34}, {"endDate": "2026-01-11T02:00:00.000-0500", "metadata": [Array], "startDate": "2026-01-11T01:00:00.000-0500", "value": 16.292401122514164}, {"endDate": "2026-01-11T01:00:00.000-0500", "metadata": [Array], "startDate": "2026-01-11T00:00:00.000-0500", "value": 13.794423478720297}]}
 LOG  [AppleHealth] Metrics fetched: {"activeCalories": 42, "exerciseMinutes": 0, "standHours": 0, "steps": 90}
 LOG  [AppleHealth] Activity Summary: {"activeEnergyBurned": 30, "activeEnergyBurnedGoal": 460, "appleExerciseTime": 0, "appleExerciseTimeGoal": 30, "appleStandHours": 0, "appleStandHoursGoal": 8}
 LOG  [AppleHealth] Using values: {"activeCalories": 30, "exerciseMinutes": 0, "standHours": 0}
 LOG  [AppleHealth] getActiveEnergyBurned: {"err": null, "results": [{"endDate": "2026-01-11T09:00:00.000-0500", "metadata": [Array], "startDate": "2026-01-11T08:00:00.000-0500", "value": 4.449999999999999}, {"endDate": "2026-01-11T08:00:00.000-0500", "metadata": [Array], "startDate": "2026-01-11T07:00:00.000-0500", "value": 1.879}, {"endDate": "2026-01-11T03:00:00.000-0500", "metadata": [Array], "startDate": "2026-01-11T02:00:00.000-0500", "value": 5.34}, {"endDate": "2026-01-11T02:00:00.000-0500", "metadata": [Array], "startDate": "2026-01-11T01:00:00.000-0500", "value": 16.292401122514164}, {"endDate": "2026-01-11T01:00:00.000-0500", "metadata": [Array], "startDate": "2026-01-11T00:00:00.000-0500", "value": 13.794423478720297}]}
 LOG  [AppleHealth] Metrics fetched: {"activeCalories": 42, "exerciseMinutes": 0, "standHours": 0, "steps": 90}
 LOG  [AppleHealth] Activity Summary: {"activeEnergyBurned": 30, "activeEnergyBurnedGoal": 460, "appleExerciseTime": 0, "appleExerciseTimeGoal": 30, "appleStandHours": 0, "appleStandHoursGoal": 8}
 LOG  [AppleHealth] Using values: {"activeCalories": 30, "exerciseMinutes": 0, "standHours": 0}
 LOG  [AppleHealth] getStepCount: {"err": null, "results": {"endDate": "2026-01-11T08:36:01.600-0500", "startDate": "2026-01-11T00:34:00.000-0500", "value": 90}}
 LOG  [AppleHealth] getFlightsClimbed: {"err": null, "results": {"endDate": "2026-01-11T08:38:03.195-0500", "startDate": "2026-01-11T08:38:03.195-0500", "value": 0}}
 LOG  [AppleHealth] getDistanceWalkingRunning: {"err": null, "results": {"endDate": "2026-01-11T07:51:12.444-0500", "startDate": "2026-01-11T01:42:54.823-0500", "value": 40.72999999998137}}
 LOG  [AppleHealth] getAppleStandTime: {"err": null, "results": []}
 LOG  [AppleHealth] getAppleExerciseTime: {"err": null, "results": []}
 LOG  [AppleHealth] getRestingHeartRate: {"err": null, "results": [{"endDate": "2026-01-11T01:32:11.451-0500", "id": "9AE885EF-0097-4462-BA6B-D676CCB89666", "sourceId": "com.apple.health.00DD4F1B-6E1A-4F74-9EE0-2BBFADA3F895", "sourceName": "Samuel’s Apple Watch", "startDate": "2026-01-11T00:05:19.580-0500", "value": 76}, {"endDate": "2026-01-10T20:47:14.712-0500", "id": "11A07490-BCA9-4492-A114-5CA786E7F21D", "sourceId": "com.apple.health.00DD4F1B-6E1A-4F74-9EE0-2BBFADA3F895", "sourceName": "Samuel’s Apple Watch", "startDate": "2026-01-10T00:04:30.235-0500", "value": 84}, {"endDate": "2026-01-09T23:59:56.235-0500", "id": "274E6D73-56D4-4E5F-9800-7282367AEB24", "sourceId": "com.apple.health.00DD4F1B-6E1A-4F74-9EE0-2BBFADA3F895", "sourceName": "Samuel’s Apple Watch", "startDate": "2026-01-09T05:10:43.076-0500", "value": 82}, {"endDate": "2026-01-08T16:18:27.081-0500", "id": "EFEB8FE0-5D6B-4DAB-8170-AF9EE4765C50", "sourceId": "com.apple.health.00DD4F1B-6E1A-4F74-9EE0-2BBFADA3F895", "sourceName": "Samuel’s Apple Watch", "startDate": "2026-01-08T07:40:10.714-0500", "value": 75}, {"endDate": "2026-01-07T11:30:56.417-0500", "id": "99605226-D583-4203-83DF-2F4848216CBE", "sourceId": "com.apple.health.00DD4F1B-6E1A-4F74-9EE0-2BBFADA3F895", "sourceName": "Samuel’s Apple Watch", "startDate": "2026-01-07T05:13:21.285-0500", "value": 80}, {"endDate": "2026-01-06T15:43:12.383-0500", "id": "4C71EE50-8A9D-40C7-9802-A9F807CFBE01", "sourceId": "com.apple.health.00DD4F1B-6E1A-4F74-9EE0-2BBFADA3F895", "sourceName": "Samuel’s Apple Watch", "startDate": "2026-01-06T07:45:41.142-0500", "value": 75}, {"endDate": "2026-01-05T20:11:22.079-0500", "id": "38D14DAF-03B2-47E4-A035-7319575CC714", "sourceId": "com.apple.health.00DD4F1B-6E1A-4F74-9EE0-2BBFADA3F895", "sourceName": "Samuel’s Apple Watch", "startDate": "2026-01-05T04:55:48.533-0500", "value": 76}]}
 LOG  [AppleHealth] getHeartRateSamples: {"err": null, "resultsCount": 100}
 LOG  [AppleHealth] getActivitySummary: {"err": null, "results": [{"activeEnergyBurned": 30, "activeEnergyBurnedGoal": 460, "appleExerciseTime": 0, "appleExerciseTimeGoal": 30, "appleStandHours": 0, "appleStandHoursGoal": 8}]}
 LOG  [AppleHealth] Metrics fetched: {"activeCalories": 42, "exerciseMinutes": 0, "standHours": 0, "steps": 90}
 LOG  [AppleHealth] Activity Summary: {"activeEnergyBurned": 30, "activeEnergyBurnedGoal": 460, "appleExerciseTime": 0, "appleExerciseTimeGoal": 30, "appleStandHours": 0, "appleStandHoursGoal": 8}
 LOG  [AppleHealth] Using values: {"activeCalories": 30, "exerciseMinutes": 0, "standHours": 0}
 LOG  [AppleHealth] getSamples (Workout): {"endDate": "2026-01-11T13:38:03.193Z", "err": null, "resultsCount": 41, "startDate": "2025-11-12T13:38:03.193Z"}
 LOG  [AppleHealth] First workout sample keys: ["id", "start", "calories", "metadata", "tracked", "activityId", "sourceName", "sourceId", "activityName", "end", "distance", "device"]
 LOG  [AppleHealth] First workout sample full: {
  "id": "CF415C44-F920-4C87-BF74-E56FC8C8F9DC",
  "start": "2026-01-10T13:11:00.000-0500",
  "calories": 47.42160415649414,
  "metadata": {
    "HKMetadataKeySyncVersion": 1768098530,
    "HKExternalUUID": "oura-workout-46e3f634-8a6d-4759-8410-2d49b8cd1dac",
    "HKMetadataKeySyncIdentifier": "oura-workout-46e3f634-8a6d-4759-8410-2d49b8cd1dac"
  },
  "tracked": true,
  "activityId": 52,
  "sourceName": "Oura",
  "sourceId": "com.ouraring.oura",
  "activityName": "Walking",
  "end": "2026-01-10T13:24:00.000-0500",
  "distance": 0.20595095808545408,
  "device": "iPhone18,1"
}
 LOG  [AppleHealth] Mapped workouts: [{"calories": 47, "duration": 13, "startTime": "2026-01-10T18:11:00.000Z", "type": "walking"}, {"calories": 328, "duration": 43, "startTime": "2026-01-09T10:21:58.532Z", "type": "strength"}, {"calories": 364, "duration": 49, "startTime": "2026-01-07T10:22:37.936Z", "type": "other"}, {"calories": 390, "duration": 48, "startTime": "2026-01-05T10:10:31.243Z", "type": "other"}, {"calories": 176, "duration": 46, "startTime": "2025-12-25T19:48:09.331Z", "type": "walking"}, {"calories": 405, "duration": 70, "startTime": "2025-12-24T19:01:20.659Z", "type": "other"}, {"calories": 514, "duration": 81, "startTime": "2025-12-22T13:31:00.000Z", "type": "other"}, {"calories": 70, "duration": 13, "startTime": "2025-12-21T16:10:00.000Z", "type": "other"}, {"calories": 113, "duration": 18, "startTime": "2025-12-20T16:47:00.000Z", "type": "other"}, {"calories": 594, "duration": 60, "startTime": "2025-12-19T18:58:32.100Z", "type": "other"}, {"calories": 344, "duration": 52, "startTime": "2025-12-18T10:11:25.809Z", "type": "other"}, {"calories": 88, "duration": 15, "startTime": "2025-12-17T12:41:00.000Z", "type": "other"}, {"calories": 452, "duration": 51, "startTime": "2025-12-15T21:06:28.957Z", "type": "other"}, {"calories": 77, "duration": 14, "startTime": "2025-12-15T12:27:00.000Z", "type": "other"}, {"calories": 319, "duration": 40, "startTime": "2025-12-12T10:46:00.752Z", "type": "strength"}, {"calories": 344, "duration": 56, "startTime": "2025-12-10T10:15:37.298Z", "type": "other"}, {"calories": 373, "duration": 50, "startTime": "2025-12-08T10:09:57.627Z", "type": "other"}, {"calories": 108, "duration": 21, "startTime": "2025-12-06T20:48:00.000Z", "type": "other"}, {"calories": 494, "duration": 53, "startTime": "2025-12-05T23:53:45.983Z", "type": "other"}, {"calories": 57, "duration": 10, "startTime": "2025-12-03T12:26:00.000Z", "type": "other"}, {"calories": 490, "duration": 63, "startTime": "2025-12-03T10:24:21.984Z", "type": "other"}, {"calories": 593, "duration": 58, "startTime": "2025-12-02T10:53:00.006Z", "type": "other"}, {"calories": 153, "duration": 27, "startTime": "2025-11-29T17:22:00.000Z", "type": "other"}, {"calories": 67, "duration": 12, "startTime": "2025-11-27T14:36:00.000Z", "type": "other"}, {"calories": 239, "duration": 40, "startTime": "2025-11-26T17:39:00.000Z", "type": "other"}, {"calories": 273, "duration": 40, "startTime": "2025-11-26T16:31:00.000Z", "type": "other"}, {"calories": 69, "duration": 12, "startTime": "2025-11-26T13:27:00.000Z", "type": "other"}, {"calories": 55, "duration": 10, "startTime": "2025-11-24T23:28:00.000Z", "type": "other"}, {"calories": 108, "duration": 21, "startTime": "2025-11-24T12:11:00.000Z", "type": "other"}, {"calories": 95, "duration": 18, "startTime": "2025-11-23T16:51:00.000Z", "type": "other"}, {"calories": 75, "duration": 14, "startTime": "2025-11-22T18:24:00.000Z", "type": "other"}, {"calories": 0, "duration": 12, "startTime": "2025-11-22T01:17:38.022Z", "type": "strength"}, {"calories": 73, "duration": 12, "startTime": "2025-11-20T11:14:00.000Z", "type": "other"}, {"calories": 330, "duration": 40, "startTime": "2025-11-20T10:16:34.123Z", "type": "strength"}, {"calories": 113, "duration": 11, "startTime": "2025-11-20T10:05:18.579Z", "type": "walking"}, {"calories": 148, "duration": 28, "startTime": "2025-11-19T11:51:00.000Z", "type": "other"}, {"calories": 84, "duration": 14, "startTime": "2025-11-17T12:26:00.000Z", "type": "other"}, {"calories": 0, "duration": 58, "startTime": "2025-11-16T21:45:13.160Z", "type": "strength"}, {"calories": 64, "duration": 13, "startTime": "2025-11-16T19:56:00.000Z", "type": "other"}, {"calories": 146, "duration": 28, "startTime": "2025-11-16T19:12:00.000Z", "type": "other"}, {"calories": 0, "duration": 46, "startTime": "2025-11-14T10:12:07.496Z", "type": "strength"}]
 LOG  [AppleHealth] Fetching metrics...
 LOG  [AppleHealth] getAppleExerciseTime: {"err": null, "results": []}
 LOG  [AppleHealth] getStepCount: {"err": null, "results": {"endDate": "2026-01-11T08:36:01.600-0500", "startDate": "2026-01-11T00:34:00.000-0500", "value": 90}}
 LOG  [AppleHealth] getAppleStandTime: {"err": null, "results": []}
 LOG  [AppleHealth] getDistanceWalkingRunning: {"err": null, "results": {"endDate": "2026-01-11T07:51:12.444-0500", "startDate": "2026-01-11T01:42:54.823-0500", "value": 40.72999999998137}}
 LOG  [AppleHealth] getFlightsClimbed: {"err": null, "results": {"endDate": "2026-01-11T08:38:04.190-0500", "startDate": "2026-01-11T08:38:04.190-0500", "value": 0}}
 LOG  [AppleHealth] getRestingHeartRate: {"err": null, "results": [{"endDate": "2026-01-11T01:32:11.451-0500", "id": "9AE885EF-0097-4462-BA6B-D676CCB89666", "sourceId": "com.apple.health.00DD4F1B-6E1A-4F74-9EE0-2BBFADA3F895", "sourceName": "Samuel’s Apple Watch", "startDate": "2026-01-11T00:05:19.580-0500", "value": 76}, {"endDate": "2026-01-10T20:47:14.712-0500", "id": "11A07490-BCA9-4492-A114-5CA786E7F21D", "sourceId": "com.apple.health.00DD4F1B-6E1A-4F74-9EE0-2BBFADA3F895", "sourceName": "Samuel’s Apple Watch", "startDate": "2026-01-10T00:04:30.235-0500", "value": 84}, {"endDate": "2026-01-09T23:59:56.235-0500", "id": "274E6D73-56D4-4E5F-9800-7282367AEB24", "sourceId": "com.apple.health.00DD4F1B-6E1A-4F74-9EE0-2BBFADA3F895", "sourceName": "Samuel’s Apple Watch", "startDate": "2026-01-09T05:10:43.076-0500", "value": 82}, {"endDate": "2026-01-08T16:18:27.081-0500", "id": "EFEB8FE0-5D6B-4DAB-8170-AF9EE4765C50", "sourceId": "com.apple.health.00DD4F1B-6E1A-4F74-9EE0-2BBFADA3F895", "sourceName": "Samuel’s Apple Watch", "startDate": "2026-01-08T07:40:10.714-0500", "value": 75}, {"endDate": "2026-01-07T11:30:56.417-0500", "id": "99605226-D583-4203-83DF-2F4848216CBE", "sourceId": "com.apple.health.00DD4F1B-6E1A-4F74-9EE0-2BBFADA3F895", "sourceName": "Samuel’s Apple Watch", "startDate": "2026-01-07T05:13:21.285-0500", "value": 80}, {"endDate": "2026-01-06T15:43:12.383-0500", "id": "4C71EE50-8A9D-40C7-9802-A9F807CFBE01", "sourceId": "com.apple.health.00DD4F1B-6E1A-4F74-9EE0-2BBFADA3F895", "sourceName": "Samuel’s Apple Watch", "startDate": "2026-01-06T07:45:41.142-0500", "value": 75}, {"endDate": "2026-01-05T20:11:22.079-0500", "id": "38D14DAF-03B2-47E4-A035-7319575CC714", "sourceId": "com.apple.health.00DD4F1B-6E1A-4F74-9EE0-2BBFADA3F895", "sourceName": "Samuel’s Apple Watch", "startDate": "2026-01-05T04:55:48.533-0500", "value": 76}]}
 LOG  [AppleHealth] getActivitySummary: {"err": null, "results": [{"activeEnergyBurned": 30, "activeEnergyBurnedGoal": 460, "appleExerciseTime": 0, "appleExerciseTimeGoal": 30, "appleStandHours": 0, "appleStandHoursGoal": 8}]}
 LOG  [AppleHealth] getHeartRateSamples: {"err": null, "resultsCount": 100}
 LOG  [AppleHealth] getActiveEnergyBurned: {"err": null, "results": [{"endDate": "2026-01-11T09:00:00.000-0500", "metadata": [Array], "startDate": "2026-01-11T08:00:00.000-0500", "value": 4.449999999999999}, {"endDate": "2026-01-11T08:00:00.000-0500", "metadata": [Array], "startDate": "2026-01-11T07:00:00.000-0500", "value": 1.879}, {"endDate": "2026-01-11T03:00:00.000-0500", "metadata": [Array], "startDate": "2026-01-11T02:00:00.000-0500", "value": 5.34}, {"endDate": "2026-01-11T02:00:00.000-0500", "metadata": [Array], "startDate": "2026-01-11T01:00:00.000-0500", "value": 16.292401122514164}, {"endDate": "2026-01-11T01:00:00.000-0500", "metadata": [Array], "startDate": "2026-01-11T00:00:00.000-0500", "value": 13.794423478720297}]}
 LOG  [AppleHealth] Metrics fetched: {"activeCalories": 42, "exerciseMinutes": 0, "standHours": 0, "steps": 90}
 LOG  [AppleHealth] Activity Summary: {"activeEnergyBurned": 30, "activeEnergyBurnedGoal": 460, "appleExerciseTime": 0, "appleExerciseTimeGoal": 30, "appleStandHours": 0, "appleStandHoursGoal": 8}
 LOG  [AppleHealth] Using values: {"activeCalories": 30, "exerciseMinutes": 0, "standHours": 0}
 LOG  [HealthStore] Loaded goals from Supabase: {"exerciseMinutes": 30, "moveCalories": 460, "standHours": 8}
 LOG  [AppleHealth] getLatestWeight: {"err": null, "results": {"endDate": "2026-01-09T07:24:38.000-0500", "startDate": "2026-01-09T07:24:38.000-0500", "value": 233.8597615277433}}
 LOG  [AppleHealth] getLatestBmi: {"err": null, "results": {"endDate": "2026-01-09T07:24:38.000-0500", "startDate": "2026-01-09T07:24:38.000-0500", "value": 34.558353424072266}}
 LOG  [AppleHealth] getWeightSamples: {"err": null, "resultsCount": 388}
 LOG  [HealthStore] Goals updated in Supabase: {"exercise_goal": 30, "move_goal": 460, "stand_goal": 8, "updated_at": "2026-01-11T13:38:04.282Z"}
 LOG  [HealthStore] Goals updated in Supabase: {"exercise_goal": 30, "move_goal": 460, "stand_goal": 8, "updated_at": "2026-01-11T13:38:04.300Z"}
